{"timestampUtc":"2026-03-13T13:01:02.7283238Z","category":"auth","action":"google_login_missing_client_id","severity":"warning"}
{"timestampUtc":"2026-03-13T13:01:20.7944985Z","category":"auth","action":"login_failed_unknown_user","severity":"warning","username":"phannhatdang","ip":"::1","locked":false,"retryAfterSeconds":0}
{"timestampUtc":"2026-03-13T13:03:09.5734172Z","category":"auth","action":"login_failed_unknown_user","severity":"warning","username":"phannhatdang","ip":"::1","locked":false,"retryAfterSeconds":0}
{"timestampUtc":"2026-03-13T13:03:10.6863954Z","category":"auth","action":"google_login_missing_client_id","severity":"warning"}
{"timestampUtc":"2026-03-13T13:04:11.6490238Z","category":"auth","action":"google_login_missing_client_id","severity":"warning"}
{"timestampUtc":"2026-03-14T05:48:38.4659190Z","category":"auth","action":"login_failed_wrong_password","severity":"warning","username":"khanh","customerId":11,"ip":"::1","locked":false,"retryAfterSeconds":0}
{"timestampUtc":"2026-03-14T05:48:43.4400028Z","category":"auth","action":"login_success","severity":"info","username":"khanh","customerId":11,"ip":"::1"}
{"timestampUtc":"2026-03-22T14:50:45.8332202Z","category":"chatbot","action":"ask_error","severity":"error","ip":"::1","customerId":"guest","error":"The underlying provider failed on Open."}
{"timestampUtc":"2026-03-23T04:25:31.0342531Z","category":"auth","action":"password_rehashed_on_login","severity":"info","username":"dangpn","customerId":1}
{"timestampUtc":"2026-03-23T04:25:31.1543635Z","category":"auth","action":"login_success","severity":"info","username":"dangpn","customerId":1,"ip":"::1"}
{"timestampUtc":"2026-03-24T06:40:55.5559905Z","category":"auth","action":"login_success","severity":"info","username":"dangpn","customerId":1,"ip":"::1"}
{"timestampUtc":"2026-03-26T08:34:30.9269080Z","category":"auth","action":"login_success","severity":"info","username":"dangpn","customerId":1,"ip":"::1"}
{"timestampUtc":"2026-04-05T08:13:43.4184288Z","category":"auth","action":"login_failed_unknown_user","severity":"warning","username":"danghoanghai","ip":"::1","locked":false,"retryAfterSeconds":0}
{"timestampUtc":"2026-04-05T08:14:02.3825688Z","category":"auth","action":"login_failed_unknown_user","severity":"warning","username":"phannhatdang","ip":"::1","locked":false,"retryAfterSeconds":0}
{"timestampUtc":"2026-04-05T08:14:21.5991395Z","category":"auth","action":"login_failed_unknown_user","severity":"warning","username":"phannhatdang","ip":"::1","locked":false,"retryAfterSeconds":0}
{"timestampUtc":"2026-04-05T08:14:58.6895026Z","category":"auth","action":"login_failed_unknown_user","severity":"warning","username":"danghoanghai","ip":"::1","locked":false,"retryAfterSeconds":0}
{"timestampUtc":"2026-04-05T08:15:19.1184042Z","category":"auth","action":"login_failed_unknown_user","severity":"warning","username":"danghoanghai","ip":"::1","locked":false,"retryAfterSeconds":0}
{"timestampUtc":"2026-04-05T08:17:01.5306723Z","category":"auth","action":"login_failed_wrong_password","severity":"warning","username":"danghoanghai","customerId":1,"ip":"::1","locked":false,"retryAfterSeconds":0}
{"timestampUtc":"2026-04-05T08:17:09.3854917Z","category":"auth","action":"password_rehashed_on_login","severity":"info","username":"danghoanghai","customerId":1}
{"timestampUtc":"2026-04-05T08:17:09.3859635Z","category":"auth","action":"login_success","severity":"info","username":"danghoanghai","customerId":1,"ip":"::1"}
{"timestampUtc":"2026-04-05T08:25:58.9375583Z","category":"auth","action":"login_success","severity":"info","username":"danghoanghai","customerId":1,"ip":"::1"}
{"timestampUtc":"2026-04-05T08:32:54.9099404Z","category":"payment","action":"vnpay_missing_config","severity":"error"}
{"timestampUtc":"2026-04-05T08:44:52.7988634Z","category":"auth_staff","action":"login_failed_wrong_password","severity":"warning","staffId":1,"username":"danghoanghai","ip":"::1","locked":false}
{"timestampUtc":"2026-04-05T08:46:33.3194514Z","category":"auth_staff","action":"login_failed_wrong_password","severity":"warning","staffId":3,"username":"danghoanghai2","ip":"::1","locked":false}
{"timestampUtc":"2026-04-05T08:46:42.2495666Z","category":"auth_staff","action":"login_failed_wrong_password","severity":"warning","staffId":3,"username":"danghoanghai2","ip":"::1","locked":false}
{"timestampUtc":"2026-04-05T08:46:52.2759366Z","category":"auth_staff","action":"login_success","severity":"info","staffId":3,"username":"danghoanghai2","ip":"::1"}
{"timestampUtc":"2026-04-05T08:50:52.8637565Z","category":"auth_admin","action":"login_failed_wrong_password","severity":"warning","staffId":1,"username":"danghoanghai","ip":"::1","locked":false}
{"timestampUtc":"2026-04-05T08:50:59.5602694Z","category":"auth_admin","action":"login_failed_wrong_password","severity":"warning","staffId":1,"username":"danghoanghai","ip":"::1","locked":false}
